2016-10-26 18:22:09 log.py [line:127] INFO Scrapy 1.2.0 started (bot: sh_lianjia_chengjiao)
2016-10-26 18:22:09 log.py [line:130] INFO Overridden settings: {'NEWSPIDER_MODULE': 'sh_lianjia_chengjiao.spiders', 'ROBOTSTXT_OBEY': True, 'DUPEFILTER_CLASS': 'scrapy.dupefilters.BaseDupeFilter', 'SPIDER_MODULES': ['sh_lianjia_chengjiao.spiders'], 'BOT_NAME': 'sh_lianjia_chengjiao', 'LOGSTATS_INTERVAL': 0, 'DOWNLOAD_DELAY': 5}
2016-10-26 18:22:09 middleware.py [line:53] INFO Enabled extensions:
['scrapy.extensions.telnet.TelnetConsole',
 'scrapy.extensions.corestats.CoreStats']
2016-10-26 18:22:09 useragent.py [line:5] WARNING /home/kanghe/work_content/hz_lianjia_chengjiao/sh_lianjia_chengjiao/middlewares.py:5: ScrapyDeprecationWarning: Module `scrapy.contrib.downloadermiddleware.useragent` is deprecated, use `scrapy.downloadermiddlewares.useragent` instead
  from scrapy.contrib.downloadermiddleware.useragent import UserAgentMiddleware

2016-10-26 18:22:09 middleware.py [line:53] INFO Enabled downloader middlewares:
['scrapy.downloadermiddlewares.robotstxt.RobotsTxtMiddleware',
 'scrapy.downloadermiddlewares.httpauth.HttpAuthMiddleware',
 'scrapy.downloadermiddlewares.downloadtimeout.DownloadTimeoutMiddleware',
 'scrapy.downloadermiddlewares.defaultheaders.DefaultHeadersMiddleware',
 'scrapy.downloadermiddlewares.useragent.UserAgentMiddleware',
 'sh_lianjia_chengjiao.middlewares.ShLianJiaUserAgent',
 'scrapy.downloadermiddlewares.retry.RetryMiddleware',
 'scrapy.downloadermiddlewares.redirect.MetaRefreshMiddleware',
 'scrapy.downloadermiddlewares.httpcompression.HttpCompressionMiddleware',
 'scrapy.downloadermiddlewares.redirect.RedirectMiddleware',
 'scrapy.downloadermiddlewares.cookies.CookiesMiddleware',
 'scrapy.downloadermiddlewares.chunked.ChunkedTransferMiddleware',
 'scrapy.downloadermiddlewares.stats.DownloaderStats']
2016-10-26 18:22:09 middleware.py [line:53] INFO Enabled spider middlewares:
['scrapy.spidermiddlewares.httperror.HttpErrorMiddleware',
 'scrapy.spidermiddlewares.offsite.OffsiteMiddleware',
 'scrapy.spidermiddlewares.referer.RefererMiddleware',
 'scrapy.spidermiddlewares.urllength.UrlLengthMiddleware',
 'scrapy.spidermiddlewares.depth.DepthMiddleware']
2016-10-26 18:22:09 middleware.py [line:53] INFO Enabled item pipelines:
['sh_lianjia_chengjiao.pipelines.ShLianjiaChengjiaoPipeline']
2016-10-26 18:22:09 telnet.py [line:60] DEBUG Telnet console listening on 127.0.0.1:6033
2016-10-26 18:22:09 engine.py [line:257] INFO Spider opened
2016-10-26 18:22:10 engine.py [line:239] DEBUG Crawled (404) <GET http://sh.lianjia.com/robots.txt> (referer: None)
2016-10-26 18:22:17 engine.py [line:239] DEBUG Crawled (200) <GET http://sh.lianjia.com> (referer: None)
